::ffff:127.0.0.1 - - [07/Jun/2016:14:59:24 +0000] "GET / HTTP/1.1" 500 3243 "-" "Mozilla/5.0 (Windows NT 10.0; WOW64) AppleWebKit/537.36 (KHTML, like Gecko) Chrome/50.0.2661.102 Safari/537.36"
::ffff:127.0.0.1 - - [07/Jun/2016:14:59:24 +0000] "GET /stylesheets/bootstrap.css HTTP/1.1" 304 - "http://localhost:3000/" "Mozilla/5.0 (Windows NT 10.0; WOW64) AppleWebKit/537.36 (KHTML, like Gecko) Chrome/50.0.2661.102 Safari/537.36"
::ffff:127.0.0.1 - - [07/Jun/2016:14:59:24 +0000] "GET /stylesheets/bootstrap-responsive.css HTTP/1.1" 304 - "http://localhost:3000/" "Mozilla/5.0 (Windows NT 10.0; WOW64) AppleWebKit/537.36 (KHTML, like Gecko) Chrome/50.0.2661.102 Safari/537.36"
::1 - - [07/Jun/2016:14:59:24 +0000] "GET /javascripts/jquery.js HTTP/1.1" 304 - "http://localhost:3000/" "Mozilla/5.0 (Windows NT 10.0; WOW64) AppleWebKit/537.36 (KHTML, like Gecko) Chrome/50.0.2661.102 Safari/537.36"
::1 - - [07/Jun/2016:14:59:24 +0000] "GET /javascripts/bootstrap.js HTTP/1.1" 304 - "http://localhost:3000/" "Mozilla/5.0 (Windows NT 10.0; WOW64) AppleWebKit/537.36 (KHTML, like Gecko) Chrome/50.0.2661.102 Safari/537.36"
::1 - - [07/Jun/2016:14:59:24 +0000] "GET /img/glyphicons-halflings.png HTTP/1.1" 304 - "http://localhost:3000/" "Mozilla/5.0 (Windows NT 10.0; WOW64) AppleWebKit/537.36 (KHTML, like Gecko) Chrome/50.0.2661.102 Safari/537.36"
::1 - - [07/Jun/2016:14:59:25 +0000] "GET /index.js.map HTTP/1.1" 404 3147 "-" "Mozilla/5.0 (Windows NT 10.0; WOW64) AppleWebKit/537.36 (KHTML, like Gecko) Chrome/50.0.2661.102 Safari/537.36"
::1 - - [07/Jun/2016:14:59:48 +0000] "GET / HTTP/1.1" 200 1926 "-" "Mozilla/5.0 (Windows NT 10.0; WOW64) AppleWebKit/537.36 (KHTML, like Gecko) Chrome/50.0.2661.102 Safari/537.36"
::1 - - [07/Jun/2016:14:59:48 +0000] "GET /stylesheets/bootstrap.css HTTP/1.1" 304 - "http://localhost:3000/" "Mozilla/5.0 (Windows NT 10.0; WOW64) AppleWebKit/537.36 (KHTML, like Gecko) Chrome/50.0.2661.102 Safari/537.36"
::1 - - [07/Jun/2016:14:59:48 +0000] "GET /stylesheets/bootstrap-responsive.css HTTP/1.1" 304 - "http://localhost:3000/" "Mozilla/5.0 (Windows NT 10.0; WOW64) AppleWebKit/537.36 (KHTML, like Gecko) Chrome/50.0.2661.102 Safari/537.36"
::1 - - [07/Jun/2016:14:59:48 +0000] "GET /javascripts/jquery.js HTTP/1.1" 304 - "http://localhost:3000/" "Mozilla/5.0 (Windows NT 10.0; WOW64) AppleWebKit/537.36 (KHTML, like Gecko) Chrome/50.0.2661.102 Safari/537.36"
::1 - - [07/Jun/2016:14:59:48 +0000] "GET /javascripts/bootstrap.js HTTP/1.1" 304 - "http://localhost:3000/" "Mozilla/5.0 (Windows NT 10.0; WOW64) AppleWebKit/537.36 (KHTML, like Gecko) Chrome/50.0.2661.102 Safari/537.36"
::1 - - [07/Jun/2016:14:59:49 +0000] "GET /img/glyphicons-halflings.png HTTP/1.1" 304 - "http://localhost:3000/" "Mozilla/5.0 (Windows NT 10.0; WOW64) AppleWebKit/537.36 (KHTML, like Gecko) Chrome/50.0.2661.102 Safari/537.36"
::1 - - [07/Jun/2016:14:59:49 +0000] "GET /img/glyphicons-halflings-white.png HTTP/1.1" 304 - "http://localhost:3000/stylesheets/bootstrap.css" "Mozilla/5.0 (Windows NT 10.0; WOW64) AppleWebKit/537.36 (KHTML, like Gecko) Chrome/50.0.2661.102 Safari/537.36"
::1 - - [07/Jun/2016:14:59:49 +0000] "GET /index.js.map HTTP/1.1" 404 3147 "-" "Mozilla/5.0 (Windows NT 10.0; WOW64) AppleWebKit/537.36 (KHTML, like Gecko) Chrome/50.0.2661.102 Safari/537.36"
::1 - - [07/Jun/2016:15:19:05 +0000] "GET / HTTP/1.1" 304 - "-" "Mozilla/5.0 (Windows NT 10.0; WOW64) AppleWebKit/537.36 (KHTML, like Gecko) Chrome/50.0.2661.102 Safari/537.36"
::1 - - [07/Jun/2016:15:19:05 +0000] "GET /stylesheets/bootstrap.css HTTP/1.1" 304 - "http://localhost:3000/" "Mozilla/5.0 (Windows NT 10.0; WOW64) AppleWebKit/537.36 (KHTML, like Gecko) Chrome/50.0.2661.102 Safari/537.36"
::1 - - [07/Jun/2016:15:19:05 +0000] "GET /stylesheets/bootstrap-responsive.css HTTP/1.1" 304 - "http://localhost:3000/" "Mozilla/5.0 (Windows NT 10.0; WOW64) AppleWebKit/537.36 (KHTML, like Gecko) Chrome/50.0.2661.102 Safari/537.36"
::1 - - [07/Jun/2016:15:19:05 +0000] "GET /javascripts/jquery.js HTTP/1.1" 304 - "http://localhost:3000/" "Mozilla/5.0 (Windows NT 10.0; WOW64) AppleWebKit/537.36 (KHTML, like Gecko) Chrome/50.0.2661.102 Safari/537.36"
::1 - - [07/Jun/2016:15:19:05 +0000] "GET /javascripts/bootstrap.js HTTP/1.1" 304 - "http://localhost:3000/" "Mozilla/5.0 (Windows NT 10.0; WOW64) AppleWebKit/537.36 (KHTML, like Gecko) Chrome/50.0.2661.102 Safari/537.36"
::1 - - [07/Jun/2016:15:19:05 +0000] "GET /img/glyphicons-halflings-white.png HTTP/1.1" 304 - "http://localhost:3000/stylesheets/bootstrap.css" "Mozilla/5.0 (Windows NT 10.0; WOW64) AppleWebKit/537.36 (KHTML, like Gecko) Chrome/50.0.2661.102 Safari/537.36"
